#
# A fatal error has been detected by the Java Runtime Environment:
#
#  EXCEPTION_ACCESS_VIOLATION (0xc0000005) at pc=0x1000128b, pid=7108, tid=4036
#
# JRE version: Java(TM) SE Runtime Environment (7.0_45-b18) (build 1.7.0_45-b18)
# Java VM: Java HotSpot(TM) Client VM (24.45-b08 mixed mode, sharing windows-x86 )
# Problematic frame:
# C  [NahonUSBLib.dll+0x128b]  Java_USBDriver_USBLib_USBBulkReadDataImpl+0x1b
#
# Failed to write core dump. Minidumps are not enabled by default on client versions of Windows
#
# If you would like to submit a bug report, please visit:
#   http://bugreport.sun.com/bugreport/crash.jsp
# The crash happened outside the Java Virtual Machine in native code.
# See problematic frame for where to report the bug.
#

---------------  T H R E A D  ---------------

Current thread (0x00ebbc00):  JavaThread "main" [_thread_in_native, id=4036, stack(0x00590000,0x005e0000)]

siginfo: ExceptionCode=0xc0000005, writing address 0xcccccccc

Registers:
EAX=0xcccccccc, EBX=0x346f71c0, ECX=0x00000000, EDX=0x00000000
ESP=0x005df414, EBP=0x005df468, ESI=0x346f71c0, EDI=0x005df468
EIP=0x1000128b, EFLAGS=0x00010202

Top of Stack: (sp=0x005df414)
0x005df414:   00ebbc00 346f71c0 346f71c0 cccccccc
0x005df424:   cccccccc cccccccc cccccccc cccccccc
0x005df434:   cccccccc cccccccc cccccccc cccccccc
0x005df444:   cccccccc cccccccc cccccccc cccccccc
0x005df454:   cccccccc cccccccc cccccccc cccccccc
0x005df464:   cccccccc 005df4b8 028ba9dd 00ebbd30
0x005df474:   005df4c0 00000000 00000000 005df4d0
0x005df484:   000003e8 000003e8 00ebc2cc 00ebc2bc 

Instructions: (pc=0x1000128b)
0x1000126b:   cc cc cc cc cc 55 8b ec 83 ec 48 53 56 57 8d 7d
0x1000127b:   b8 b9 12 00 00 00 b8 cc cc cc cc f3 ab 8b 45 fc
0x1000128b:   c6 00 00 8b 4d fc 51 8b 55 18 52 8b 4d 08 e8 67
0x1000129b:   fd ff ff 89 45 f8 8b 45 20 50 8b 4d 1c 51 8b 55 


Register to memory mapping:

EAX=0xcccccccc is an unknown value
EBX=0x346f71c0 is an oop
{method} 
 - klass: {other class}
ECX=0x00000000 is an unknown value
EDX=0x00000000 is an unknown value
ESP=0x005df414 is pointing into the stack for thread: 0x00ebbc00
EBP=0x005df468 is pointing into the stack for thread: 0x00ebbc00
ESI=0x346f71c0 is an oop
{method} 
 - klass: {other class}
EDI=0x005df468 is pointing into the stack for thread: 0x00ebbc00


Stack: [0x00590000,0x005e0000],  sp=0x005df414,  free space=317k
Native frames: (J=compiled Java code, j=interpreted, Vv=VM code, C=native code)
C  [NahonUSBLib.dll+0x128b]  Java_USBDriver_USBLib_USBBulkReadDataImpl+0x1b
j  USBDriver.USBLib.USBBulkReadDataImpl(II[BII)I+0
j  USBDriver.USBDevice.ReceiveData([BI)I+15
j  TestMain.Test.main([Ljava/lang/String;)V+165
v  ~StubRoutines::call_stub
V  [jvm.dll+0x13f1fa]
V  [jvm.dll+0x202aee]
V  [jvm.dll+0x13f27d]
V  [jvm.dll+0xc9945]
V  [jvm.dll+0xd45e7]
C  [java.exe+0x2063]
C  [java.exe+0xa591]
C  [java.exe+0xa61b]
C  [kernel32.dll+0x1336a]
C  [ntdll.dll+0x39882]
C  [ntdll.dll+0x39855]

Java frames: (J=compiled Java code, j=interpreted, Vv=VM code)
j  USBDriver.USBLib.USBBulkReadDataImpl(II[BII)I+0
j  USBDriver.USBDevice.ReceiveData([BI)I+15
j  TestMain.Test.main([Ljava/lang/String;)V+165
v  ~StubRoutines::call_stub

---------------  P R O C E S S  ---------------

Java Threads: ( => current thread )
  0x0037c000 JavaThread "Service Thread" daemon [_thread_blocked, id=6284, stack(0x04990000,0x049e0000)]
  0x00377800 JavaThread "C1 CompilerThread0" daemon [_thread_blocked, id=7500, stack(0x04c90000,0x04ce0000)]
  0x00376800 JavaThread "Attach Listener" daemon [_thread_blocked, id=3664, stack(0x00e10000,0x00e60000)]
  0x00391400 JavaThread "Signal Dispatcher" daemon [_thread_blocked, id=7240, stack(0x04a80000,0x04ad0000)]
  0x00302c00 JavaThread "Finalizer" daemon [_thread_blocked, id=6192, stack(0x00e60000,0x00eb0000)]
  0x002fdc00 JavaThread "Reference Handler" daemon [_thread_blocked, id=7472, stack(0x049e0000,0x04a30000)]
=>0x00ebbc00 JavaThread "main" [_thread_in_native, id=4036, stack(0x00590000,0x005e0000)]

Other Threads:
  0x002fc000 VMThread [stack: 0x00f40000,0x00f90000] [id=7744]
  0x0037dc00 WatcherThread [stack: 0x04b80000,0x04bd0000] [id=2996]

VM state:not at safepoint (normal execution)

VM Mutex/Monitor currently owned by a thread: None

Heap
 def new generation   total 4928K, used 603K [0x246d0000, 0x24c20000, 0x29c20000)
  eden space 4416K,  13% used [0x246d0000, 0x24766f20, 0x24b20000)
  from space 512K,   0% used [0x24b20000, 0x24b20000, 0x24ba0000)
  to   space 512K,   0% used [0x24ba0000, 0x24ba0000, 0x24c20000)
 tenured generation   total 10944K, used 0K [0x29c20000, 0x2a6d0000, 0x346d0000)
   the space 10944K,   0% used [0x29c20000, 0x29c20000, 0x29c20200, 0x2a6d0000)
 compacting perm gen  total 12288K, used 159K [0x346d0000, 0x352d0000, 0x386d0000)
   the space 12288K,   1% used [0x346d0000, 0x346f7db0, 0x346f7e00, 0x352d0000)
    ro space 10240K,  44% used [0x386d0000, 0x38b47808, 0x38b47a00, 0x390d0000)
    rw space 12288K,  52% used [0x390d0000, 0x3971e610, 0x3971e800, 0x39cd0000)

Card table byte_map: [0x00cf0000,0x00da0000] byte_map_base: 0x00bcc980

Polling page: 0x00150000

Code Cache  [0x028b0000, 0x02948000, 0x048b0000)
 total_blobs=139 nmethods=9 adapters=68 free_code_cache=32184Kb largest_free_block=32956864

Compilation events (10 events):
Event: 0.085 Thread 0x00377800    5             java.lang.String::equals (81 bytes)
Event: 0.085 Thread 0x00377800 nmethod 5 0x02940f48 code [0x02941060, 0x02941200]
Event: 0.086 Thread 0x00377800    6             java.lang.AbstractStringBuilder::ensureCapacityInternal (16 bytes)
Event: 0.086 Thread 0x00377800 nmethod 6 0x02941408 code [0x02941510, 0x029415bc]
Event: 0.089 Thread 0x00377800    7             java.lang.String::lastIndexOf (52 bytes)
Event: 0.090 Thread 0x00377800 nmethod 7 0x02941648 code [0x02941750, 0x0294185c]
Event: 0.090 Thread 0x00377800    8             java.lang.String::length (6 bytes)
Event: 0.090 Thread 0x00377800 nmethod 8 0x02941948 code [0x02941a40, 0x02941ad0]
Event: 0.090 Thread 0x00377800    9             java.lang.AbstractStringBuilder::append (29 bytes)
Event: 0.090 Thread 0x00377800 nmethod 9 0x02941b48 code [0x02941c50, 0x02941d3c]

GC Heap History (0 events):
No events

Deoptimization events (0 events):
No events

Internal exceptions (4 events):
Event: 0.018 Thread 0x00ebbc00 Threw 0x246d5dc8 at C:\re\jdk7u45\229\hotspot\src\share\vm\prims\jni.cpp:3991
Event: 0.084 Thread 0x00ebbc00 Threw 0x247521c0 at C:\re\jdk7u45\229\hotspot\src\share\vm\prims\jvm.cpp:1244
Event: 0.089 Thread 0x00ebbc00 Threw 0x24756f60 at C:\re\jdk7u45\229\hotspot\src\share\vm\prims\jvm.cpp:1244
Event: 0.096 Thread 0x00ebbc00 Threw 0x24759470 at C:\re\jdk7u45\229\hotspot\src\share\vm\prims\jvm.cpp:1244

Events (10 events):
Event: 0.085 loading class 0x003b3020
Event: 0.085 loading class 0x003b3020 done
Event: 0.085 loading class 0x39dd0090
Event: 0.085 loading class 0x39d04d70
Event: 0.086 loading class 0x39d04d70 done
Event: 0.086 loading class 0x39dd0090 done
Event: 0.088 loading class 0x00380b68
Event: 0.088 loading class 0x00380b68 done
Event: 0.096 loading class 0x00380b90
Event: 0.096 loading class 0x00380b90 done


Dynamic libraries:
0x01080000 - 0x010af000 	C:\Program Files (x86)\Java\jdk1.7.0_45\bin\java.exe
0x77990000 - 0x77b10000 	C:\Windows\SysWOW64\ntdll.dll
0x76ba0000 - 0x76cb0000 	C:\Windows\syswow64\kernel32.dll
0x76f40000 - 0x76f87000 	C:\Windows\syswow64\KERNELBASE.dll
0x76ce0000 - 0x76d80000 	C:\Windows\syswow64\ADVAPI32.dll
0x757b0000 - 0x7585c000 	C:\Windows\syswow64\msvcrt.dll
0x75170000 - 0x75189000 	C:\Windows\SysWOW64\sechost.dll
0x75540000 - 0x75630000 	C:\Windows\syswow64\RPCRT4.dll
0x75050000 - 0x750b0000 	C:\Windows\syswow64\SspiCli.dll
0x75040000 - 0x7504c000 	C:\Windows\syswow64\CRYPTBASE.dll
0x75d80000 - 0x75e80000 	C:\Windows\syswow64\USER32.dll
0x77020000 - 0x770b0000 	C:\Windows\syswow64\GDI32.dll
0x75760000 - 0x7576a000 	C:\Windows\syswow64\LPK.dll
0x75190000 - 0x7522d000 	C:\Windows\syswow64\USP10.dll
0x73240000 - 0x733de000 	C:\Windows\WinSxS\x86_microsoft.windows.common-controls_6595b64144ccf1df_6.0.7601.18837_none_41e855142bd5705d\COMCTL32.dll
0x76ee0000 - 0x76f37000 	C:\Windows\syswow64\SHLWAPI.dll
0x750b0000 - 0x75110000 	C:\Windows\system32\IMM32.DLL
0x75e80000 - 0x75f4c000 	C:\Windows\syswow64\MSCTF.dll
0x5f490000 - 0x5f54f000 	C:\Program Files (x86)\Java\jdk1.7.0_45\jre\bin\msvcr100.dll
0x5ceb0000 - 0x5d230000 	C:\Program Files (x86)\Java\jdk1.7.0_45\jre\bin\client\jvm.dll
0x63960000 - 0x63967000 	C:\Windows\system32\WSOCK32.dll
0x754e0000 - 0x75515000 	C:\Windows\syswow64\WS2_32.dll
0x75630000 - 0x75636000 	C:\Windows\syswow64\NSI.dll
0x737d0000 - 0x73802000 	C:\Windows\system32\WINMM.dll
0x757a0000 - 0x757a5000 	C:\Windows\syswow64\PSAPI.DLL
0x6b190000 - 0x6b19c000 	C:\Program Files (x86)\Java\jdk1.7.0_45\jre\bin\verify.dll
0x627e0000 - 0x62800000 	C:\Program Files (x86)\Java\jdk1.7.0_45\jre\bin\java.dll
0x626e0000 - 0x626f3000 	C:\Program Files (x86)\Java\jdk1.7.0_45\jre\bin\zip.dll
0x10000000 - 0x10039000 	E:\chejf\Project\YMBranceh\NahonUsbLib\NahonUSBLib.dll
0x6f9f0000 - 0x6f9f6000 	E:\chejf\Project\YMBranceh\NahonUsbLib\USB_Driver.dll
0x6e280000 - 0x6e291000 	C:\Windows\system32\libusb0.dll
0x752b0000 - 0x7544d000 	C:\Windows\syswow64\SETUPAPI.dll
0x75230000 - 0x75257000 	C:\Windows\syswow64\CFGMGR32.dll
0x76f90000 - 0x7701f000 	C:\Windows\syswow64\OLEAUT32.dll
0x76d80000 - 0x76edc000 	C:\Windows\syswow64\ole32.dll
0x75520000 - 0x75532000 	C:\Windows\syswow64\DEVOBJ.dll
0x74bd0000 - 0x74cbb000 	C:\Windows\system32\dbghelp.dll

VM Arguments:
jvm_args: -Dfile.encoding=UTF-8 
java_command: TestMain.Test
Launcher Type: SUN_STANDARD

Environment Variables:
PATH=C:\Windows\system32;C:\Windows;C:\Windows\System32\Wbem;C:\Windows\System32\WindowsPowerShell\v1.0\;C:\Program Files\TortoiseSVN\bin;C:\Program Files\VisualSVN Server\bin
USERNAME=Administrator
OS=Windows_NT
PROCESSOR_IDENTIFIER=Intel64 Family 6 Model 58 Stepping 9, GenuineIntel



---------------  S Y S T E M  ---------------

OS: Windows 7 , 64 bit Build 7601 Service Pack 1

CPU:total 4 (2 cores per cpu, 2 threads per core) family 6 model 58 stepping 9, cmov, cx8, fxsr, mmx, sse, sse2, sse3, ssse3, sse4.1, sse4.2, popcnt, avx, erms, ht, tsc, tscinvbit, tscinv

Memory: 4k page, physical 4077276k(1786204k free), swap 8152712k(5612516k free)

vm_info: Java HotSpot(TM) Client VM (24.45-b08) for windows-x86 JRE (1.7.0_45-b18), built on Oct  8 2013 06:02:43 by "java_re" with unknown MS VC++:1600

time: Fri Sep 25 21:15:54 2015
elapsed time: 0 seconds

