#
# A fatal error has been detected by the Java Runtime Environment:
#
#  EXCEPTION_ACCESS_VIOLATION (0xc0000005) at pc=0x1000128b, pid=7244, tid=3824
#
# JRE version: Java(TM) SE Runtime Environment (7.0_45-b18) (build 1.7.0_45-b18)
# Java VM: Java HotSpot(TM) Client VM (24.45-b08 mixed mode, sharing windows-x86 )
# Problematic frame:
# C  [NahonUSBLib.dll+0x128b]  Java_USBDriver_USBLib_USBBulkReadDataImpl+0x1b
#
# Failed to write core dump. Minidumps are not enabled by default on client versions of Windows
#
# If you would like to submit a bug report, please visit:
#   http://bugreport.sun.com/bugreport/crash.jsp
# The crash happened outside the Java Virtual Machine in native code.
# See problematic frame for where to report the bug.
#

---------------  T H R E A D  ---------------

Current thread (0x0026bc00):  JavaThread "main" [_thread_in_native, id=3824, stack(0x00380000,0x003d0000)]

siginfo: ExceptionCode=0xc0000005, writing address 0xcccccccc

Registers:
EAX=0xcccccccc, EBX=0x346f71c0, ECX=0x00000000, EDX=0x00000000
ESP=0x003cf834, EBP=0x003cf888, ESI=0x346f71c0, EDI=0x003cf888
EIP=0x1000128b, EFLAGS=0x00010202

Top of Stack: (sp=0x003cf834)
0x003cf834:   0026bc00 346f71c0 346f71c0 cccccccc
0x003cf844:   cccccccc cccccccc cccccccc cccccccc
0x003cf854:   cccccccc cccccccc cccccccc cccccccc
0x003cf864:   cccccccc cccccccc cccccccc cccccccc
0x003cf874:   cccccccc cccccccc cccccccc cccccccc
0x003cf884:   cccccccc 003cf8d8 025ba9dd 0026bd30
0x003cf894:   003cf8e0 00000000 00000000 003cf8f0
0x003cf8a4:   000003e8 000003e8 0026c2cc 0026c2bc 

Instructions: (pc=0x1000128b)
0x1000126b:   cc cc cc cc cc 55 8b ec 83 ec 48 53 56 57 8d 7d
0x1000127b:   b8 b9 12 00 00 00 b8 cc cc cc cc f3 ab 8b 45 fc
0x1000128b:   c6 00 01 8b 4d fc 51 8b 55 18 52 8b 4d 08 e8 67
0x1000129b:   fd ff ff 89 45 f8 8b 45 20 50 8b 4d 1c 51 8b 55 


Register to memory mapping:

EAX=0xcccccccc is an unknown value
EBX=0x346f71c0 is an oop
{method} 
 - klass: {other class}
ECX=0x00000000 is an unknown value
EDX=0x00000000 is an unknown value
ESP=0x003cf834 is pointing into the stack for thread: 0x0026bc00
EBP=0x003cf888 is pointing into the stack for thread: 0x0026bc00
ESI=0x346f71c0 is an oop
{method} 
 - klass: {other class}
EDI=0x003cf888 is pointing into the stack for thread: 0x0026bc00


Stack: [0x00380000,0x003d0000],  sp=0x003cf834,  free space=318k
Native frames: (J=compiled Java code, j=interpreted, Vv=VM code, C=native code)
C  [NahonUSBLib.dll+0x128b]  Java_USBDriver_USBLib_USBBulkReadDataImpl+0x1b
j  USBDriver.USBLib.USBBulkReadDataImpl(II[BII)I+0
j  USBDriver.USBDevice.ReceiveData([BI)I+15
j  TestMain.Test.main([Ljava/lang/String;)V+165
v  ~StubRoutines::call_stub
V  [jvm.dll+0x13f1fa]
V  [jvm.dll+0x202aee]
V  [jvm.dll+0x13f27d]
V  [jvm.dll+0xc9945]
V  [jvm.dll+0xd45e7]
C  [java.exe+0x2063]
C  [java.exe+0xa591]
C  [java.exe+0xa61b]
C  [kernel32.dll+0x1336a]
C  [ntdll.dll+0x39882]
C  [ntdll.dll+0x39855]

Java frames: (J=compiled Java code, j=interpreted, Vv=VM code)
j  USBDriver.USBLib.USBBulkReadDataImpl(II[BII)I+0
j  USBDriver.USBDevice.ReceiveData([BI)I+15
j  TestMain.Test.main([Ljava/lang/String;)V+165
v  ~StubRoutines::call_stub

---------------  P R O C E S S  ---------------

Java Threads: ( => current thread )
  0x01e1c800 JavaThread "Service Thread" daemon [_thread_blocked, id=6304, stack(0x04b70000,0x04bc0000)]
  0x01e0d000 JavaThread "C1 CompilerThread0" daemon [_thread_blocked, id=5440, stack(0x049b0000,0x04a00000)]
  0x01e0bc00 JavaThread "Attach Listener" daemon [_thread_blocked, id=4716, stack(0x04b10000,0x04b60000)]
  0x01e0ac00 JavaThread "Signal Dispatcher" daemon [_thread_blocked, id=6392, stack(0x04a30000,0x04a80000)]
  0x01d9f400 JavaThread "Finalizer" daemon [_thread_blocked, id=4600, stack(0x046e0000,0x04730000)]
  0x01d9dc00 JavaThread "Reference Handler" daemon [_thread_blocked, id=6876, stack(0x047f0000,0x04840000)]
=>0x0026bc00 JavaThread "main" [_thread_in_native, id=3824, stack(0x00380000,0x003d0000)]

Other Threads:
  0x01d9c000 VMThread [stack: 0x04660000,0x046b0000] [id=4200]
  0x01e22000 WatcherThread [stack: 0x04960000,0x049b0000] [id=7356]

VM state:not at safepoint (normal execution)

VM Mutex/Monitor currently owned by a thread: None

Heap
 def new generation   total 4928K, used 603K [0x246d0000, 0x24c20000, 0x29c20000)
  eden space 4416K,  13% used [0x246d0000, 0x24766f20, 0x24b20000)
  from space 512K,   0% used [0x24b20000, 0x24b20000, 0x24ba0000)
  to   space 512K,   0% used [0x24ba0000, 0x24ba0000, 0x24c20000)
 tenured generation   total 10944K, used 0K [0x29c20000, 0x2a6d0000, 0x346d0000)
   the space 10944K,   0% used [0x29c20000, 0x29c20000, 0x29c20200, 0x2a6d0000)
 compacting perm gen  total 12288K, used 159K [0x346d0000, 0x352d0000, 0x386d0000)
   the space 12288K,   1% used [0x346d0000, 0x346f7db0, 0x346f7e00, 0x352d0000)
    ro space 10240K,  44% used [0x386d0000, 0x38b47808, 0x38b47a00, 0x390d0000)
    rw space 12288K,  52% used [0x390d0000, 0x3971e610, 0x3971e800, 0x39cd0000)

Card table byte_map: [0x00550000,0x00600000] byte_map_base: 0x0042c980

Polling page: 0x00210000

Code Cache  [0x025b0000, 0x02648000, 0x045b0000)
 total_blobs=139 nmethods=9 adapters=68 free_code_cache=32184Kb largest_free_block=32956864

Compilation events (10 events):
Event: 0.079 Thread 0x01e0d000    5             java.lang.String::equals (81 bytes)
Event: 0.079 Thread 0x01e0d000 nmethod 5 0x02640f48 code [0x02641060, 0x02641200]
Event: 0.079 Thread 0x01e0d000    6             java.lang.AbstractStringBuilder::ensureCapacityInternal (16 bytes)
Event: 0.080 Thread 0x01e0d000 nmethod 6 0x02641408 code [0x02641510, 0x026415bc]
Event: 0.082 Thread 0x01e0d000    7             java.lang.String::lastIndexOf (52 bytes)
Event: 0.082 Thread 0x01e0d000 nmethod 7 0x02641648 code [0x02641750, 0x0264185c]
Event: 0.082 Thread 0x01e0d000    8             java.lang.String::length (6 bytes)
Event: 0.082 Thread 0x01e0d000 nmethod 8 0x02641948 code [0x02641a40, 0x02641ad0]
Event: 0.082 Thread 0x01e0d000    9             java.lang.AbstractStringBuilder::append (29 bytes)
Event: 0.083 Thread 0x01e0d000 nmethod 9 0x02641b48 code [0x02641c50, 0x02641d3c]

GC Heap History (0 events):
No events

Deoptimization events (0 events):
No events

Internal exceptions (4 events):
Event: 0.015 Thread 0x0026bc00 Threw 0x246d5dc8 at C:\re\jdk7u45\229\hotspot\src\share\vm\prims\jni.cpp:3991
Event: 0.077 Thread 0x0026bc00 Threw 0x247521c0 at C:\re\jdk7u45\229\hotspot\src\share\vm\prims\jvm.cpp:1244
Event: 0.081 Thread 0x0026bc00 Threw 0x24756f60 at C:\re\jdk7u45\229\hotspot\src\share\vm\prims\jvm.cpp:1244
Event: 0.088 Thread 0x0026bc00 Threw 0x24759470 at C:\re\jdk7u45\229\hotspot\src\share\vm\prims\jvm.cpp:1244

Events (10 events):
Event: 0.078 loading class 0x01e56020
Event: 0.078 loading class 0x01e56020 done
Event: 0.079 loading class 0x39dd0090
Event: 0.079 loading class 0x39d04d70
Event: 0.079 loading class 0x39d04d70 done
Event: 0.079 loading class 0x39dd0090 done
Event: 0.081 loading class 0x04c08100
Event: 0.081 loading class 0x04c08100 done
Event: 0.088 loading class 0x04c08128
Event: 0.088 loading class 0x04c08128 done


Dynamic libraries:
0x001e0000 - 0x0020f000 	C:\Program Files (x86)\Java\jdk1.7.0_45\bin\java.exe
0x77990000 - 0x77b10000 	C:\Windows\SysWOW64\ntdll.dll
0x76ba0000 - 0x76cb0000 	C:\Windows\syswow64\kernel32.dll
0x76f40000 - 0x76f87000 	C:\Windows\syswow64\KERNELBASE.dll
0x76ce0000 - 0x76d80000 	C:\Windows\syswow64\ADVAPI32.dll
0x757b0000 - 0x7585c000 	C:\Windows\syswow64\msvcrt.dll
0x75170000 - 0x75189000 	C:\Windows\SysWOW64\sechost.dll
0x75540000 - 0x75630000 	C:\Windows\syswow64\RPCRT4.dll
0x75050000 - 0x750b0000 	C:\Windows\syswow64\SspiCli.dll
0x75040000 - 0x7504c000 	C:\Windows\syswow64\CRYPTBASE.dll
0x75d80000 - 0x75e80000 	C:\Windows\syswow64\USER32.dll
0x77020000 - 0x770b0000 	C:\Windows\syswow64\GDI32.dll
0x75760000 - 0x7576a000 	C:\Windows\syswow64\LPK.dll
0x75190000 - 0x7522d000 	C:\Windows\syswow64\USP10.dll
0x73240000 - 0x733de000 	C:\Windows\WinSxS\x86_microsoft.windows.common-controls_6595b64144ccf1df_6.0.7601.18837_none_41e855142bd5705d\COMCTL32.dll
0x76ee0000 - 0x76f37000 	C:\Windows\syswow64\SHLWAPI.dll
0x750b0000 - 0x75110000 	C:\Windows\system32\IMM32.DLL
0x75e80000 - 0x75f4c000 	C:\Windows\syswow64\MSCTF.dll
0x5f490000 - 0x5f54f000 	C:\Program Files (x86)\Java\jdk1.7.0_45\jre\bin\msvcr100.dll
0x5ceb0000 - 0x5d230000 	C:\Program Files (x86)\Java\jdk1.7.0_45\jre\bin\client\jvm.dll
0x63960000 - 0x63967000 	C:\Windows\system32\WSOCK32.dll
0x754e0000 - 0x75515000 	C:\Windows\syswow64\WS2_32.dll
0x75630000 - 0x75636000 	C:\Windows\syswow64\NSI.dll
0x737d0000 - 0x73802000 	C:\Windows\system32\WINMM.dll
0x757a0000 - 0x757a5000 	C:\Windows\syswow64\PSAPI.DLL
0x6b190000 - 0x6b19c000 	C:\Program Files (x86)\Java\jdk1.7.0_45\jre\bin\verify.dll
0x627e0000 - 0x62800000 	C:\Program Files (x86)\Java\jdk1.7.0_45\jre\bin\java.dll
0x626e0000 - 0x626f3000 	C:\Program Files (x86)\Java\jdk1.7.0_45\jre\bin\zip.dll
0x10000000 - 0x10039000 	E:\chejf\Project\YMBranceh\NahonUsbLib\NahonUSBLib.dll
0x6fb70000 - 0x6fb76000 	E:\chejf\Project\YMBranceh\NahonUsbLib\USB_Driver.dll
0x6f4c0000 - 0x6f4d1000 	C:\Windows\system32\libusb0.dll
0x752b0000 - 0x7544d000 	C:\Windows\syswow64\SETUPAPI.dll
0x75230000 - 0x75257000 	C:\Windows\syswow64\CFGMGR32.dll
0x76f90000 - 0x7701f000 	C:\Windows\syswow64\OLEAUT32.dll
0x76d80000 - 0x76edc000 	C:\Windows\syswow64\ole32.dll
0x75520000 - 0x75532000 	C:\Windows\syswow64\DEVOBJ.dll
0x74bd0000 - 0x74cbb000 	C:\Windows\system32\dbghelp.dll

VM Arguments:
jvm_args: -Dfile.encoding=UTF-8 
java_command: TestMain.Test
Launcher Type: SUN_STANDARD

Environment Variables:
PATH=C:\Windows\system32;C:\Windows;C:\Windows\System32\Wbem;C:\Windows\System32\WindowsPowerShell\v1.0\;C:\Program Files\TortoiseSVN\bin;C:\Program Files\VisualSVN Server\bin
USERNAME=Administrator
OS=Windows_NT
PROCESSOR_IDENTIFIER=Intel64 Family 6 Model 58 Stepping 9, GenuineIntel



---------------  S Y S T E M  ---------------

OS: Windows 7 , 64 bit Build 7601 Service Pack 1

CPU:total 4 (2 cores per cpu, 2 threads per core) family 6 model 58 stepping 9, cmov, cx8, fxsr, mmx, sse, sse2, sse3, ssse3, sse4.1, sse4.2, popcnt, avx, erms, ht, tsc, tscinvbit, tscinv

Memory: 4k page, physical 4077276k(2342156k free), swap 8152712k(6176088k free)

vm_info: Java HotSpot(TM) Client VM (24.45-b08) for windows-x86 JRE (1.7.0_45-b18), built on Oct  8 2013 06:02:43 by "java_re" with unknown MS VC++:1600

time: Fri Sep 25 21:09:49 2015
elapsed time: 0 seconds

