九月 18, 2017 10:48:25 上午 sps.platform.log.SYSLOG PrintLog
信息: 开始记录LOG
九月 18, 2017 10:48:27 上午 nexus.device.control.DevManager$8 run
信息: 进入搜索进程
九月 18, 2017 10:48:31 上午 sps.dev.control.inst.SPDataCollect GetTemperature
严重: null
java.lang.Exception: MIGP packet Timeout!
	at nahon.pro.migp.MIGP_CmdSend.ReceiveCMD(MIGP_CmdSend.java:75)
	at nahon.pro.migp.MIGP_CmdSend.SendRPC(MIGP_CmdSend.java:55)
	at nahon.pro.migp.MIGP_CmdSend.GetMEM(MIGP_CmdSend.java:150)
	at nahon.drv.entry.MIGPNahonDriver.GetMEM(MIGPNahonDriver.java:85)
	at lam.drv.cmd.light.PowTempCmd.GetTemperature(PowTempCmd.java:21)
	at sps.dev.manager.SPDevDriver.GetTemperature(SPDevDriver.java:287)
	at sps.dev.control.inst.SPDataCollect.GetTemperature(SPDataCollect.java:244)
	at nexus.app.raman.StanderAppUI.UpdatePowerTemper(StanderAppUI.java:320)
	at nexus.app.raman.StanderAppUI.Button_updateActionPerformed(StanderAppUI.java:329)
	at nexus.app.raman.StanderAppUI.access$700(StanderAppUI.java:32)
	at nexus.app.raman.StanderAppUI$8.actionPerformed(StanderAppUI.java:208)
	at javax.swing.AbstractButton.fireActionPerformed(AbstractButton.java:2018)
	at javax.swing.AbstractButton$Handler.actionPerformed(AbstractButton.java:2341)
	at javax.swing.DefaultButtonModel.fireActionPerformed(DefaultButtonModel.java:402)
	at javax.swing.DefaultButtonModel.setPressed(DefaultButtonModel.java:259)
	at javax.swing.plaf.basic.BasicButtonListener.mouseReleased(BasicButtonListener.java:252)
	at java.awt.Component.processMouseEvent(Component.java:6516)
	at javax.swing.JComponent.processMouseEvent(JComponent.java:3321)
	at java.awt.Component.processEvent(Component.java:6281)
	at java.awt.Container.processEvent(Container.java:2229)
	at java.awt.Component.dispatchEventImpl(Component.java:4872)
	at java.awt.Container.dispatchEventImpl(Container.java:2287)
	at java.awt.Component.dispatchEvent(Component.java:4698)
	at java.awt.LightweightDispatcher.retargetMouseEvent(Container.java:4832)
	at java.awt.LightweightDispatcher.processMouseEvent(Container.java:4492)
	at java.awt.LightweightDispatcher.dispatchEvent(Container.java:4422)
	at java.awt.Container.dispatchEventImpl(Container.java:2273)
	at java.awt.Window.dispatchEventImpl(Window.java:2719)
	at java.awt.Component.dispatchEvent(Component.java:4698)
	at java.awt.EventQueue.dispatchEventImpl(EventQueue.java:747)
	at java.awt.EventQueue.access$300(EventQueue.java:103)
	at java.awt.EventQueue$3.run(EventQueue.java:706)
	at java.awt.EventQueue$3.run(EventQueue.java:704)
	at java.security.AccessController.doPrivileged(Native Method)
	at java.security.ProtectionDomain$1.doIntersectionPrivilege(ProtectionDomain.java:76)
	at java.security.ProtectionDomain$1.doIntersectionPrivilege(ProtectionDomain.java:87)
	at java.awt.EventQueue$4.run(EventQueue.java:720)
	at java.awt.EventQueue$4.run(EventQueue.java:718)
	at java.security.AccessController.doPrivileged(Native Method)
	at java.security.ProtectionDomain$1.doIntersectionPrivilege(ProtectionDomain.java:76)
	at java.awt.EventQueue.dispatchEvent(EventQueue.java:717)
	at java.awt.EventDispatchThread.pumpOneEventForFilters(EventDispatchThread.java:242)
	at java.awt.EventDispatchThread.pumpEventsForFilter(EventDispatchThread.java:161)
	at java.awt.EventDispatchThread.pumpEventsForHierarchy(EventDispatchThread.java:150)
	at java.awt.EventDispatchThread.pumpEvents(EventDispatchThread.java:146)
	at java.awt.EventDispatchThread.pumpEvents(EventDispatchThread.java:138)
	at java.awt.EventDispatchThread.run(EventDispatchThread.java:91)

九月 18, 2017 10:48:31 上午 nahon.comm.faultsystem.FaultCenter SendFaultReport
严重: 获取电流失败!
九月 18, 2017 10:48:36 上午 sps.dev.control.inst.SPDataCollect GetBatteryPower
严重: null
java.lang.Exception: MIGP packet Timeout!
	at nahon.pro.migp.MIGP_CmdSend.ReceiveCMD(MIGP_CmdSend.java:75)
	at nahon.pro.migp.MIGP_CmdSend.SendRPC(MIGP_CmdSend.java:55)
	at nahon.pro.migp.MIGP_CmdSend.GetMEM(MIGP_CmdSend.java:150)
	at nahon.drv.entry.MIGPNahonDriver.GetMEM(MIGPNahonDriver.java:85)
	at lam.drv.cmd.light.PowTempCmd.GetBatteryPower(PowTempCmd.java:28)
	at sps.dev.manager.SPDevDriver.GetBatteryPower(SPDevDriver.java:282)
	at sps.dev.control.inst.SPDataCollect.GetBatteryPower(SPDataCollect.java:231)
	at nexus.app.raman.StanderAppUI.UpdatePowerTemper(StanderAppUI.java:318)
	at nexus.app.raman.StanderAppUI.Button_updateActionPerformed(StanderAppUI.java:329)
	at nexus.app.raman.StanderAppUI.access$700(StanderAppUI.java:32)
	at nexus.app.raman.StanderAppUI$8.actionPerformed(StanderAppUI.java:208)
	at javax.swing.AbstractButton.fireActionPerformed(AbstractButton.java:2018)
	at javax.swing.AbstractButton$Handler.actionPerformed(AbstractButton.java:2341)
	at javax.swing.DefaultButtonModel.fireActionPerformed(DefaultButtonModel.java:402)
	at javax.swing.DefaultButtonModel.setPressed(DefaultButtonModel.java:259)
	at javax.swing.plaf.basic.BasicButtonListener.mouseReleased(BasicButtonListener.java:252)
	at java.awt.Component.processMouseEvent(Component.java:6516)
	at javax.swing.JComponent.processMouseEvent(JComponent.java:3321)
	at java.awt.Component.processEvent(Component.java:6281)
	at java.awt.Container.processEvent(Container.java:2229)
	at java.awt.Component.dispatchEventImpl(Component.java:4872)
	at java.awt.Container.dispatchEventImpl(Container.java:2287)
	at java.awt.Component.dispatchEvent(Component.java:4698)
	at java.awt.LightweightDispatcher.retargetMouseEvent(Container.java:4832)
	at java.awt.LightweightDispatcher.processMouseEvent(Container.java:4492)
	at java.awt.LightweightDispatcher.dispatchEvent(Container.java:4422)
	at java.awt.Container.dispatchEventImpl(Container.java:2273)
	at java.awt.Window.dispatchEventImpl(Window.java:2719)
	at java.awt.Component.dispatchEvent(Component.java:4698)
	at java.awt.EventQueue.dispatchEventImpl(EventQueue.java:747)
	at java.awt.EventQueue.access$300(EventQueue.java:103)
	at java.awt.EventQueue$3.run(EventQueue.java:706)
	at java.awt.EventQueue$3.run(EventQueue.java:704)
	at java.security.AccessController.doPrivileged(Native Method)
	at java.security.ProtectionDomain$1.doIntersectionPrivilege(ProtectionDomain.java:76)
	at java.security.ProtectionDomain$1.doIntersectionPrivilege(ProtectionDomain.java:87)
	at java.awt.EventQueue$4.run(EventQueue.java:720)
	at java.awt.EventQueue$4.run(EventQueue.java:718)
	at java.security.AccessController.doPrivileged(Native Method)
	at java.security.ProtectionDomain$1.doIntersectionPrivilege(ProtectionDomain.java:76)
	at java.awt.EventQueue.dispatchEvent(EventQueue.java:717)
	at java.awt.EventDispatchThread.pumpOneEventForFilters(EventDispatchThread.java:242)
	at java.awt.EventDispatchThread.pumpEventsForFilter(EventDispatchThread.java:161)
	at java.awt.EventDispatchThread.pumpEventsForHierarchy(EventDispatchThread.java:150)
	at java.awt.EventDispatchThread.pumpEvents(EventDispatchThread.java:146)
	at java.awt.EventDispatchThread.pumpEvents(EventDispatchThread.java:138)
	at java.awt.EventDispatchThread.run(EventDispatchThread.java:91)

九月 18, 2017 10:48:36 上午 nahon.comm.faultsystem.FaultCenter SendFaultReport
严重: 获取电压失败!
