九月 18, 2017 10:23:25 上午 sps.platform.log.SYSLOG PrintLog
信息: 开始记录LOG
九月 18, 2017 10:23:26 上午 nexus.device.control.DevManager$8 run
信息: 进入搜索进程
九月 18, 2017 10:23:26 上午 nahon.comm.faultsystem.FaultCenter SendFaultReport
严重: 没有找到设备
九月 18, 2017 10:23:30 上午 nexus.device.control.DevManager$8 run
信息: 进入搜索进程
九月 18, 2017 10:23:30 上午 nahon.comm.faultsystem.FaultCenter SendFaultReport
严重: 没有找到设备
九月 18, 2017 10:23:31 上午 nexus.device.control.DevManager$8 run
信息: 进入搜索进程
九月 18, 2017 10:23:31 上午 nahon.comm.faultsystem.FaultCenter SendFaultReport
严重: 没有找到设备
九月 18, 2017 10:23:33 上午 nexus.device.control.DevManager$8 run
信息: 进入搜索进程
九月 18, 2017 10:23:37 上午 nahon.comm.faultsystem.FaultCenter SendFaultReport
严重: 没有找到设备
九月 18, 2017 10:23:38 上午 nexus.device.control.DevManager$8 run
信息: 进入搜索进程
九月 18, 2017 10:23:38 上午 nahon.comm.faultsystem.FaultCenter SendFaultReport
严重: 没有找到设备
九月 18, 2017 10:23:39 上午 nexus.device.control.DevManager$8 run
信息: 进入搜索进程
九月 18, 2017 10:23:39 上午 nahon.comm.faultsystem.FaultCenter SendFaultReport
严重: 没有找到设备
九月 18, 2017 10:23:40 上午 nexus.device.control.DevManager$8 run
信息: 进入搜索进程
九月 18, 2017 10:23:40 上午 nahon.comm.faultsystem.FaultCenter SendFaultReport
严重: 没有找到设备
